<?xml version="1.0" encoding="UTF-8"?>
<testsuite xmlns:xsi="http://www.w3.org/2001/XMLSchema-instance" xsi:noNamespaceSchemaLocation="https://maven.apache.org/surefire/maven-surefire-plugin/xsd/surefire-test-report.xsd" name="projet_graphe_L2.AppTest" time="0.047" tests="2" errors="0" skipped="0" failures="0">
  <properties>
[...]
</properties>
  <testcase name="exempleTestAsserThat" classname="projet_graphe_L2.AppTest" time="0.038"/>
  <testcase name="exempleTestClassiqueJunit" classname="projet_graphe_L2.AppTest" time="0.004"/>
</testsuite>